[06/23/23 02:28:37] [ERROR] CConnection::CConnection - establishing connection to MySQL database failed: #1045 'Access denied for user 'gsvtqhss'@'164.132.206.179' (using password: YES)'
[06/23/23 02:28:37] [ERROR] CConnection::CConnection - establishing connection to MySQL database failed: #1045 'Access denied for user 'gsvtqhss'@'164.132.206.179' (using password: YES)'
[06/23/23 02:28:38] [ERROR] CConnection::CConnection - establishing connection to MySQL database failed: #1045 'Access denied for user 'gsvtqhss'@'164.132.206.179' (using password: YES)'
[06/23/23 02:28:38] [ERROR] CConnection::CConnection - establishing connection to MySQL database failed: #1045 'Access denied for user 'gsvtqhss'@'164.132.206.179' (using password: YES)'
[06/23/23 02:28:38] [ERROR] cache_get_row_count: no active cache
[06/23/23 02:28:38] [ERROR] cache_delete: invalid cache id '0'
[06/23/23 02:28:38] [ERROR] cache_get_row_count: no active cache
[06/23/23 02:28:38] [ERROR] cache_delete: invalid cache id '0'
[06/23/23 02:49:03] [ERROR] error #1146 while executing query "SELECT * FROM `items` WHERE 1": Table 'gs213189.items' doesn't exist (BCN.pwn:13504 -> BCN.pwn:1194 -> C:\Users\Tsar\Documents\BourgeoisCircus\pawno\include\YSI_Data\y_foreach\..\..\YSI_Coding\y_va\..\..\YSI_Core\y_core\..\..\indirection\indirection.inc:942 -> C:\Users\Tsar\Documents\BourgeoisCircus\pawno\include\YSI_Data\y_foreach\..\..\YSI_Core\y_core\y_scriptinit_impl.inc:654 -> C:\Users\Tsar\Documents\BourgeoisCircus\pawno\include\Pawn.CMD.inc:125 -> C:\Users\Tsar\Documents\BourgeoisCircus\pawno\include\sscanf2.inc:211 -> C:\Users\Tsar\Documents\BourgeoisCircus\pawno\include\FCNPC.inc:355)
[06/23/23 02:49:03] [ERROR] cache_get_row_count: no active cache (BCN.pwn:13507 -> BCN.pwn:1194 -> C:\Users\Tsar\Documents\BourgeoisCircus\pawno\include\YSI_Data\y_foreach\..\..\YSI_Coding\y_va\..\..\YSI_Core\y_core\..\..\indirection\indirection.inc:942 -> C:\Users\Tsar\Documents\BourgeoisCircus\pawno\include\YSI_Data\y_foreach\..\..\YSI_Core\y_core\y_scriptinit_impl.inc:654 -> C:\Users\Tsar\Documents\BourgeoisCircus\pawno\include\Pawn.CMD.inc:125 -> C:\Users\Tsar\Documents\BourgeoisCircus\pawno\include\sscanf2.inc:211 -> C:\Users\Tsar\Documents\BourgeoisCircus\pawno\include\FCNPC.inc:355)
[06/23/23 02:49:03] [ERROR] cache_delete: invalid cache id '0' (BCN.pwn:13511 -> BCN.pwn:1194 -> C:\Users\Tsar\Documents\BourgeoisCircus\pawno\include\YSI_Data\y_foreach\..\..\YSI_Coding\y_va\..\..\YSI_Core\y_core\..\..\indirection\indirection.inc:942 -> C:\Users\Tsar\Documents\BourgeoisCircus\pawno\include\YSI_Data\y_foreach\..\..\YSI_Core\y_core\y_scriptinit_impl.inc:654 -> C:\Users\Tsar\Documents\BourgeoisCircus\pawno\include\Pawn.CMD.inc:125 -> C:\Users\Tsar\Documents\BourgeoisCircus\pawno\include\sscanf2.inc:211 -> C:\Users\Tsar\Documents\BourgeoisCircus\pawno\include\FCNPC.inc:355)
[06/23/23 02:49:03] [ERROR] error #1146 while executing query "SELECT * FROM `tournament` LIMIT 1": Table 'gs213189.tournament' doesn't exist (BCN.pwn:13560 -> BCN.pwn:1195 -> C:\Users\Tsar\Documents\BourgeoisCircus\pawno\include\YSI_Data\y_foreach\..\..\YSI_Coding\y_va\..\..\YSI_Core\y_core\..\..\indirection\indirection.inc:942 -> C:\Users\Tsar\Documents\BourgeoisCircus\pawno\include\YSI_Data\y_foreach\..\..\YSI_Core\y_core\y_scriptinit_impl.inc:654 -> C:\Users\Tsar\Documents\BourgeoisCircus\pawno\include\Pawn.CMD.inc:125 -> C:\Users\Tsar\Documents\BourgeoisCircus\pawno\include\sscanf2.inc:211 -> C:\Users\Tsar\Documents\BourgeoisCircus\pawno\include\FCNPC.inc:355)
[06/23/23 02:49:03] [ERROR] cache_get_row_count: no active cache (BCN.pwn:13563 -> BCN.pwn:1195 -> C:\Users\Tsar\Documents\BourgeoisCircus\pawno\include\YSI_Data\y_foreach\..\..\YSI_Coding\y_va\..\..\YSI_Core\y_core\..\..\indirection\indirection.inc:942 -> C:\Users\Tsar\Documents\BourgeoisCircus\pawno\include\YSI_Data\y_foreach\..\..\YSI_Core\y_core\y_scriptinit_impl.inc:654 -> C:\Users\Tsar\Documents\BourgeoisCircus\pawno\include\Pawn.CMD.inc:125 -> C:\Users\Tsar\Documents\BourgeoisCircus\pawno\include\sscanf2.inc:211 -> C:\Users\Tsar\Documents\BourgeoisCircus\pawno\include\FCNPC.inc:355)
[06/23/23 02:49:03] [ERROR] cache_delete: invalid cache id '0' (BCN.pwn:13566 -> BCN.pwn:1195 -> C:\Users\Tsar\Documents\BourgeoisCircus\pawno\include\YSI_Data\y_foreach\..\..\YSI_Coding\y_va\..\..\YSI_Core\y_core\..\..\indirection\indirection.inc:942 -> C:\Users\Tsar\Documents\BourgeoisCircus\pawno\include\YSI_Data\y_foreach\..\..\YSI_Core\y_core\y_scriptinit_impl.inc:654 -> C:\Users\Tsar\Documents\BourgeoisCircus\pawno\include\Pawn.CMD.inc:125 -> C:\Users\Tsar\Documents\BourgeoisCircus\pawno\include\sscanf2.inc:211 -> C:\Users\Tsar\Documents\BourgeoisCircus\pawno\include\FCNPC.inc:355)
[06/23/23 02:49:03] [ERROR] error #1146 while executing query "SELECT * FROM `walkers` WHERE `Rank` = '4' LIMIT 1": Table 'gs213189.walkers' doesn't exist (BCN.pwn:14886 -> BCN.pwn:15010 -> BCN.pwn:1198 -> C:\Users\Tsar\Documents\BourgeoisCircus\pawno\include\YSI_Data\y_foreach\..\..\YSI_Coding\y_va\..\..\YSI_Core\y_core\..\..\indirection\indirection.inc:942 -> C:\Users\Tsar\Documents\BourgeoisCircus\pawno\include\YSI_Data\y_foreach\..\..\YSI_Core\y_core\y_scriptinit_impl.inc:654 -> C:\Users\Tsar\Documents\BourgeoisCircus\pawno\include\Pawn.CMD.inc:125 -> C:\Users\Tsar\Documents\BourgeoisCircus\pawno\include\sscanf2.inc:211 -> C:\Users\Tsar\Documents\BourgeoisCircus\pawno\include\FCNPC.inc:355)
[06/23/23 02:49:03] [ERROR] cache_get_row_count: no active cache (BCN.pwn:14888 -> BCN.pwn:15010 -> BCN.pwn:1198 -> C:\Users\Tsar\Documents\BourgeoisCircus\pawno\include\YSI_Data\y_foreach\..\..\YSI_Coding\y_va\..\..\YSI_Core\y_core\..\..\indirection\indirection.inc:942 -> C:\Users\Tsar\Documents\BourgeoisCircus\pawno\include\YSI_Data\y_foreach\..\..\YSI_Core\y_core\y_scriptinit_impl.inc:654 -> C:\Users\Tsar\Documents\BourgeoisCircus\pawno\include\Pawn.CMD.inc:125 -> C:\Users\Tsar\Documents\BourgeoisCircus\pawno\include\sscanf2.inc:211 -> C:\Users\Tsar\Documents\BourgeoisCircus\pawno\include\FCNPC.inc:355)
[06/23/23 02:49:28] [ERROR] error #1146 while executing query "SELECT * FROM `walkers` WHERE `Rank` = '13' LIMIT 1": Table 'gs213189.walkers' doesn't exist (BCN.pwn:14886 -> BCN.pwn:2422)
[06/23/23 02:49:28] [ERROR] cache_get_row_count: no active cache (BCN.pwn:14888 -> BCN.pwn:2422)
[06/23/23 02:50:00] [ERROR] error #1146 while executing query "SELECT * FROM `bosses` LIMIT 18": Table 'gs213189.bosses' doesn't exist (BCN.pwn:6781 -> BCN.pwn:5412 -> BCN.pwn:5056)
[06/23/23 02:50:00] [ERROR] cache_get_row_count: no active cache (BCN.pwn:6783 -> BCN.pwn:5412 -> BCN.pwn:5056)
[06/23/23 03:00:56] [ERROR] cache_get_value_name_int: field 'Rank' not found (BCN.pwn:9205 -> BCN.pwn:2844)
[06/23/23 03:00:56] [ERROR] cache_get_value_name_int: field 'Rank' not found (BCN.pwn:11280 -> BCN.pwn:9210 -> BCN.pwn:2844)
[06/23/23 03:00:56] [ERROR] cache_get_value_name_int: field 'Rank' not found (BCN.pwn:9205 -> BCN.pwn:2844)
[06/23/23 03:00:56] [ERROR] cache_get_value_name_int: field 'Rank' not found (BCN.pwn:11280 -> BCN.pwn:9210 -> BCN.pwn:2844)
[06/23/23 03:00:56] [ERROR] cache_get_value_name_int: field 'Rank' not found (BCN.pwn:9205 -> BCN.pwn:2844)
[06/23/23 03:00:56] [ERROR] cache_get_value_name_int: field 'Rank' not found (BCN.pwn:11280 -> BCN.pwn:9210 -> BCN.pwn:2844)
[06/23/23 03:00:56] [ERROR] cache_get_value_name_int: field 'Rank' not found (BCN.pwn:9205 -> BCN.pwn:2844)
[06/23/23 03:00:56] [ERROR] cache_get_value_name_int: field 'Rank' not found (BCN.pwn:11280 -> BCN.pwn:9210 -> BCN.pwn:2844)
[06/23/23 03:00:56] [ERROR] cache_get_value_name_int: field 'Rank' not found (BCN.pwn:9205 -> BCN.pwn:2844)
[06/23/23 03:00:56] [ERROR] cache_get_value_name_int: field 'Rank' not found (BCN.pwn:11280 -> BCN.pwn:9210 -> BCN.pwn:2844)
[06/23/23 03:00:56] [ERROR] cache_get_value_name_int: field 'Rank' not found (BCN.pwn:9205 -> BCN.pwn:2844)
[06/23/23 03:00:56] [ERROR] cache_get_value_name_int: field 'Rank' not found (BCN.pwn:11280 -> BCN.pwn:9210 -> BCN.pwn:2844)
[06/23/23 03:00:56] [ERROR] cache_get_value_name_int: field 'Rank' not found (BCN.pwn:9205 -> BCN.pwn:2844)
[06/23/23 03:00:56] [ERROR] cache_get_value_name_int: field 'Rank' not found (BCN.pwn:11280 -> BCN.pwn:9210 -> BCN.pwn:2844)
[06/23/23 03:00:56] [ERROR] cache_get_value_name_int: field 'Rank' not found (BCN.pwn:9205 -> BCN.pwn:2844)
[06/23/23 03:00:56] [ERROR] cache_get_value_name_int: field 'Rank' not found (BCN.pwn:11280 -> BCN.pwn:9210 -> BCN.pwn:2844)
[06/23/23 03:00:56] [ERROR] cache_get_value_name_int: field 'Rank' not found (BCN.pwn:9205 -> BCN.pwn:2844)
[06/23/23 03:00:56] [ERROR] cache_get_value_name_int: field 'Rank' not found (BCN.pwn:11280 -> BCN.pwn:9210 -> BCN.pwn:2844)
[06/23/23 03:00:56] [ERROR] cache_get_value_name_int: field 'Rank' not found (BCN.pwn:9205 -> BCN.pwn:2844)
[06/23/23 03:00:56] [ERROR] cache_get_value_name_int: field 'Rank' not found (BCN.pwn:11280 -> BCN.pwn:9210 -> BCN.pwn:2844)
[06/23/23 03:00:56] [ERROR] cache_get_value_name_int: field 'Rank' not found (BCN.pwn:9205 -> BCN.pwn:2844)
[06/23/23 03:00:56] [ERROR] cache_get_value_name_int: field 'Rank' not found (BCN.pwn:11280 -> BCN.pwn:9210 -> BCN.pwn:2844)
[06/23/23 03:00:56] [ERROR] cache_get_value_name_int: field 'Rank' not found (BCN.pwn:9205 -> BCN.pwn:2844)
[06/23/23 03:00:56] [ERROR] cache_get_value_name_int: field 'Rank' not found (BCN.pwn:11280 -> BCN.pwn:9210 -> BCN.pwn:2844)
[06/23/23 03:00:56] [ERROR] cache_get_value_name_int: field 'Rank' not found (BCN.pwn:9205 -> BCN.pwn:2844)
[06/23/23 03:00:56] [ERROR] cache_get_value_name_int: field 'Rank' not found (BCN.pwn:11280 -> BCN.pwn:9210 -> BCN.pwn:2844)
[06/23/23 03:00:56] [ERROR] cache_get_value_name_int: field 'Rank' not found (BCN.pwn:9205 -> BCN.pwn:2844)
[06/23/23 03:00:56] [ERROR] cache_get_value_name_int: field 'Rank' not found (BCN.pwn:11280 -> BCN.pwn:9210 -> BCN.pwn:2844)
[06/23/23 03:00:56] [ERROR] cache_get_value_name_int: field 'Rank' not found (BCN.pwn:9205 -> BCN.pwn:2844)
[06/23/23 03:00:56] [ERROR] cache_get_value_name_int: field 'Rank' not found (BCN.pwn:11280 -> BCN.pwn:9210 -> BCN.pwn:2844)
[06/23/23 03:00:56] [ERROR] cache_get_value_name_int: field 'Rank' not found (BCN.pwn:9205 -> BCN.pwn:2844)
[06/23/23 03:00:56] [ERROR] cache_get_value_name_int: field 'Rank' not found (BCN.pwn:11280 -> BCN.pwn:9210 -> BCN.pwn:2844)
[06/23/23 03:00:56] [ERROR] cache_get_value_name_int: field 'Rank' not found (BCN.pwn:9205 -> BCN.pwn:2844)
[06/23/23 03:00:56] [ERROR] cache_get_value_name_int: field 'Rank' not found (BCN.pwn:11280 -> BCN.pwn:9210 -> BCN.pwn:2844)
[06/23/23 03:00:56] [ERROR] cache_get_value_name_int: field 'Rank' not found (BCN.pwn:9205 -> BCN.pwn:2844)
[06/23/23 03:00:56] [ERROR] cache_get_value_name_int: field 'Rank' not found (BCN.pwn:11280 -> BCN.pwn:9210 -> BCN.pwn:2844)
[06/23/23 03:01:00] [ERROR] cache_get_value_name_int: field 'Rank' not found (BCN.pwn:11280 -> BCN.pwn:3618)
[06/23/23 03:01:01] [ERROR] cache_get_value_name_int: field 'Rank' not found (BCN.pwn:11280 -> BCN.pwn:3663)
[06/23/23 03:01:01] [ERROR] cache_get_value_name_int: field 'Rank' not found (BCN.pwn:11280 -> BCN.pwn:11476 -> BCN.pwn:11521 -> BCN.pwn:3687)
[06/23/23 03:05:14] [ERROR] cache_get_value_name_int: field 'Rank' not found (BCN.pwn:9205 -> BCN.pwn:2844)
[06/23/23 03:05:14] [ERROR] cache_get_value_name_int: field 'Rank' not found (BCN.pwn:11280 -> BCN.pwn:9210 -> BCN.pwn:2844)
[06/23/23 03:05:14] [ERROR] cache_get_value_name_int: field 'Rank' not found (BCN.pwn:9205 -> BCN.pwn:2844)
[06/23/23 03:05:14] [ERROR] cache_get_value_name_int: field 'Rank' not found (BCN.pwn:11280 -> BCN.pwn:9210 -> BCN.pwn:2844)
[06/23/23 03:05:14] [ERROR] cache_get_value_name_int: field 'Rank' not found (BCN.pwn:9205 -> BCN.pwn:2844)
[06/23/23 03:05:14] [ERROR] cache_get_value_name_int: field 'Rank' not found (BCN.pwn:11280 -> BCN.pwn:9210 -> BCN.pwn:2844)
[06/23/23 03:05:14] [ERROR] cache_get_value_name_int: field 'Rank' not found (BCN.pwn:9205 -> BCN.pwn:2844)
[06/23/23 03:05:14] [ERROR] cache_get_value_name_int: field 'Rank' not found (BCN.pwn:11280 -> BCN.pwn:9210 -> BCN.pwn:2844)
[06/23/23 03:05:14] [ERROR] cache_get_value_name_int: field 'Rank' not found (BCN.pwn:9205 -> BCN.pwn:2844)
[06/23/23 03:05:14] [ERROR] cache_get_value_name_int: field 'Rank' not found (BCN.pwn:11280 -> BCN.pwn:9210 -> BCN.pwn:2844)
[06/23/23 03:05:14] [ERROR] cache_get_value_name_int: field 'Rank' not found (BCN.pwn:9205 -> BCN.pwn:2844)
[06/23/23 03:05:14] [ERROR] cache_get_value_name_int: field 'Rank' not found (BCN.pwn:11280 -> BCN.pwn:9210 -> BCN.pwn:2844)
[06/23/23 03:05:14] [ERROR] cache_get_value_name_int: field 'Rank' not found (BCN.pwn:9205 -> BCN.pwn:2844)
[06/23/23 03:05:14] [ERROR] cache_get_value_name_int: field 'Rank' not found (BCN.pwn:11280 -> BCN.pwn:9210 -> BCN.pwn:2844)
[06/23/23 03:05:14] [ERROR] cache_get_value_name_int: field 'Rank' not found (BCN.pwn:9205 -> BCN.pwn:2844)
[06/23/23 03:05:14] [ERROR] cache_get_value_name_int: field 'Rank' not found (BCN.pwn:11280 -> BCN.pwn:9210 -> BCN.pwn:2844)
[06/23/23 03:05:14] [ERROR] cache_get_value_name_int: field 'Rank' not found (BCN.pwn:9205 -> BCN.pwn:2844)
[06/23/23 03:05:14] [ERROR] cache_get_value_name_int: field 'Rank' not found (BCN.pwn:11280 -> BCN.pwn:9210 -> BCN.pwn:2844)
[06/23/23 03:05:14] [ERROR] cache_get_value_name_int: field 'Rank' not found (BCN.pwn:9205 -> BCN.pwn:2844)
[06/23/23 03:05:14] [ERROR] cache_get_value_name_int: field 'Rank' not found (BCN.pwn:11280 -> BCN.pwn:9210 -> BCN.pwn:2844)
[06/23/23 03:05:14] [ERROR] cache_get_value_name_int: field 'Rank' not found (BCN.pwn:9205 -> BCN.pwn:2844)
[06/23/23 03:05:14] [ERROR] cache_get_value_name_int: field 'Rank' not found (BCN.pwn:11280 -> BCN.pwn:9210 -> BCN.pwn:2844)
[06/23/23 03:05:14] [ERROR] cache_get_value_name_int: field 'Rank' not found (BCN.pwn:9205 -> BCN.pwn:2844)
[06/23/23 03:05:14] [ERROR] cache_get_value_name_int: field 'Rank' not found (BCN.pwn:11280 -> BCN.pwn:9210 -> BCN.pwn:2844)
[06/23/23 03:05:14] [ERROR] cache_get_value_name_int: field 'Rank' not found (BCN.pwn:9205 -> BCN.pwn:2844)
[06/23/23 03:05:14] [ERROR] cache_get_value_name_int: field 'Rank' not found (BCN.pwn:11280 -> BCN.pwn:9210 -> BCN.pwn:2844)
[06/23/23 03:05:14] [ERROR] cache_get_value_name_int: field 'Rank' not found (BCN.pwn:9205 -> BCN.pwn:2844)
[06/23/23 03:05:14] [ERROR] cache_get_value_name_int: field 'Rank' not found (BCN.pwn:11280 -> BCN.pwn:9210 -> BCN.pwn:2844)
[06/23/23 03:05:14] [ERROR] cache_get_value_name_int: field 'Rank' not found (BCN.pwn:9205 -> BCN.pwn:2844)
[06/23/23 03:05:14] [ERROR] cache_get_value_name_int: field 'Rank' not found (BCN.pwn:11280 -> BCN.pwn:9210 -> BCN.pwn:2844)
[06/23/23 03:05:14] [ERROR] cache_get_value_name_int: field 'Rank' not found (BCN.pwn:9205 -> BCN.pwn:2844)
[06/23/23 03:05:14] [ERROR] cache_get_value_name_int: field 'Rank' not found (BCN.pwn:11280 -> BCN.pwn:9210 -> BCN.pwn:2844)
[06/23/23 03:05:14] [ERROR] cache_get_value_name_int: field 'Rank' not found (BCN.pwn:9205 -> BCN.pwn:2844)
[06/23/23 03:05:14] [ERROR] cache_get_value_name_int: field 'Rank' not found (BCN.pwn:11280 -> BCN.pwn:9210 -> BCN.pwn:2844)
[06/23/23 03:05:14] [ERROR] cache_get_value_name_int: field 'Rank' not found (BCN.pwn:9205 -> BCN.pwn:2844)
[06/23/23 03:05:14] [ERROR] cache_get_value_name_int: field 'Rank' not found (BCN.pwn:11280 -> BCN.pwn:9210 -> BCN.pwn:2844)
[06/23/23 12:52:48] [ERROR] cache_get_value_name_int: field 'Rank' not found (BCN.pwn:9205 -> BCN.pwn:2844)
[06/23/23 12:52:48] [ERROR] cache_get_value_name_int: field 'Rank' not found (BCN.pwn:11280 -> BCN.pwn:9210 -> BCN.pwn:2844)
[06/23/23 12:52:48] [ERROR] cache_get_value_name_int: field 'Rank' not found (BCN.pwn:9205 -> BCN.pwn:2844)
[06/23/23 12:52:48] [ERROR] cache_get_value_name_int: field 'Rank' not found (BCN.pwn:11280 -> BCN.pwn:9210 -> BCN.pwn:2844)
[06/23/23 12:52:48] [ERROR] cache_get_value_name_int: field 'Rank' not found (BCN.pwn:9205 -> BCN.pwn:2844)
[06/23/23 12:52:48] [ERROR] cache_get_value_name_int: field 'Rank' not found (BCN.pwn:11280 -> BCN.pwn:9210 -> BCN.pwn:2844)
[06/23/23 12:52:48] [ERROR] cache_get_value_name_int: field 'Rank' not found (BCN.pwn:9205 -> BCN.pwn:2844)
[06/23/23 12:52:48] [ERROR] cache_get_value_name_int: field 'Rank' not found (BCN.pwn:11280 -> BCN.pwn:9210 -> BCN.pwn:2844)
[06/23/23 12:52:48] [ERROR] cache_get_value_name_int: field 'Rank' not found (BCN.pwn:9205 -> BCN.pwn:2844)
[06/23/23 12:52:48] [ERROR] cache_get_value_name_int: field 'Rank' not found (BCN.pwn:11280 -> BCN.pwn:9210 -> BCN.pwn:2844)
[06/23/23 12:52:48] [ERROR] cache_get_value_name_int: field 'Rank' not found (BCN.pwn:9205 -> BCN.pwn:2844)
[06/23/23 12:52:48] [ERROR] cache_get_value_name_int: field 'Rank' not found (BCN.pwn:11280 -> BCN.pwn:9210 -> BCN.pwn:2844)
[06/23/23 12:52:48] [ERROR] cache_get_value_name_int: field 'Rank' not found (BCN.pwn:9205 -> BCN.pwn:2844)
[06/23/23 12:52:48] [ERROR] cache_get_value_name_int: field 'Rank' not found (BCN.pwn:11280 -> BCN.pwn:9210 -> BCN.pwn:2844)
[06/23/23 12:52:48] [ERROR] cache_get_value_name_int: field 'Rank' not found (BCN.pwn:9205 -> BCN.pwn:2844)
[06/23/23 12:52:48] [ERROR] cache_get_value_name_int: field 'Rank' not found (BCN.pwn:11280 -> BCN.pwn:9210 -> BCN.pwn:2844)
[06/23/23 12:52:48] [ERROR] cache_get_value_name_int: field 'Rank' not found (BCN.pwn:9205 -> BCN.pwn:2844)
[06/23/23 12:52:48] [ERROR] cache_get_value_name_int: field 'Rank' not found (BCN.pwn:11280 -> BCN.pwn:9210 -> BCN.pwn:2844)
[06/23/23 12:52:48] [ERROR] cache_get_value_name_int: field 'Rank' not found (BCN.pwn:9205 -> BCN.pwn:2844)
[06/23/23 12:52:48] [ERROR] cache_get_value_name_int: field 'Rank' not found (BCN.pwn:11280 -> BCN.pwn:9210 -> BCN.pwn:2844)
[06/23/23 12:52:48] [ERROR] cache_get_value_name_int: field 'Rank' not found (BCN.pwn:9205 -> BCN.pwn:2844)
[06/23/23 12:52:48] [ERROR] cache_get_value_name_int: field 'Rank' not found (BCN.pwn:11280 -> BCN.pwn:9210 -> BCN.pwn:2844)
[06/23/23 12:52:48] [ERROR] cache_get_value_name_int: field 'Rank' not found (BCN.pwn:9205 -> BCN.pwn:2844)
[06/23/23 12:52:48] [ERROR] cache_get_value_name_int: field 'Rank' not found (BCN.pwn:11280 -> BCN.pwn:9210 -> BCN.pwn:2844)
[06/23/23 12:52:48] [ERROR] cache_get_value_name_int: field 'Rank' not found (BCN.pwn:9205 -> BCN.pwn:2844)
[06/23/23 12:52:48] [ERROR] cache_get_value_name_int: field 'Rank' not found (BCN.pwn:11280 -> BCN.pwn:9210 -> BCN.pwn:2844)
[06/23/23 12:52:48] [ERROR] cache_get_value_name_int: field 'Rank' not found (BCN.pwn:9205 -> BCN.pwn:2844)
[06/23/23 12:52:48] [ERROR] cache_get_value_name_int: field 'Rank' not found (BCN.pwn:11280 -> BCN.pwn:9210 -> BCN.pwn:2844)
[06/23/23 12:52:48] [ERROR] cache_get_value_name_int: field 'Rank' not found (BCN.pwn:9205 -> BCN.pwn:2844)
[06/23/23 12:52:48] [ERROR] cache_get_value_name_int: field 'Rank' not found (BCN.pwn:11280 -> BCN.pwn:9210 -> BCN.pwn:2844)
[06/23/23 12:52:48] [ERROR] cache_get_value_name_int: field 'Rank' not found (BCN.pwn:9205 -> BCN.pwn:2844)
[06/23/23 12:52:48] [ERROR] cache_get_value_name_int: field 'Rank' not found (BCN.pwn:11280 -> BCN.pwn:9210 -> BCN.pwn:2844)
[06/23/23 12:52:48] [ERROR] cache_get_value_name_int: field 'Rank' not found (BCN.pwn:9205 -> BCN.pwn:2844)
[06/23/23 12:52:48] [ERROR] cache_get_value_name_int: field 'Rank' not found (BCN.pwn:11280 -> BCN.pwn:9210 -> BCN.pwn:2844)
[06/23/23 12:52:48] [ERROR] cache_get_value_name_int: field 'Rank' not found (BCN.pwn:9205 -> BCN.pwn:2844)
[06/23/23 12:52:48] [ERROR] cache_get_value_name_int: field 'Rank' not found (BCN.pwn:11280 -> BCN.pwn:9210 -> BCN.pwn:2844)
[06/28/23 00:13:05] [ERROR] cache_get_value_name_int: invalid row index '0' (number of rows: '0') (BCN.pwn:7746 -> BCN.pwn:3749)
[06/28/23 00:13:05] [ERROR] cache_get_value_name_int: invalid row index '0' (number of rows: '0') (BCN.pwn:7747 -> BCN.pwn:3749)
[06/28/23 00:13:05] [ERROR] cache_get_value_name_int: invalid row index '0' (number of rows: '0') (BCN.pwn:7748 -> BCN.pwn:3749)
[06/28/23 00:13:05] [ERROR] cache_get_value_name_int: invalid row index '0' (number of rows: '0') (BCN.pwn:7749 -> BCN.pwn:3749)
[06/28/23 00:13:05] [ERROR] cache_get_value_name_int: invalid row index '0' (number of rows: '0') (BCN.pwn:7750 -> BCN.pwn:3749)
[06/28/23 00:13:05] [ERROR] cache_get_value_name: invalid row index '0' (number of rows: '0') (BCN.pwn:7754 -> BCN.pwn:3749)
